Using pre-set license
Built from '2020.2/release' branch; Version is '2020.2.2f1 (068178b99f32) revision 426360'; Using compiler version '192528614'; Build Type 'Release'
OS: 'Windows 10 Home; OS build 18363.1379; Version 1909; 64bit' Language: 'en' Physical Memory: 16229 MB
BatchMode: 1, IsHumanControllingUs: 0, StartBugReporterOnCrash: 0, Is64bit: 1, IsPro: 0

 COMMAND LINE ARGUMENTS:
C:\Program Files\Unity\Hub\Editor\2020.2.2f1\Editor\Unity.exe
-adb2
-batchMode
-noUpm
-name
AssetImportWorker0
-projectPath
C:/Users/Owner/Documents/GitHub/SingleScreenAssignment/single-screen-game-MoniqueM93/SingleScreen
-logFile
Logs/AssetImportWorker0.log
-srvPort
52347
Successfully changed project path to: C:/Users/Owner/Documents/GitHub/SingleScreenAssignment/single-screen-game-MoniqueM93/SingleScreen
C:/Users/Owner/Documents/GitHub/SingleScreenAssignment/single-screen-game-MoniqueM93/SingleScreen
Using Asset Import Pipeline V2.
Refreshing native plugins compatible for Editor in 49.91 ms, found 1 plugins.
Preloading 0 native plugins for Editor in 0.00 ms.
Initialize engine version: 2020.2.2f1 (068178b99f32)
[Subsystems] Discovering subsystems at path C:/Program Files/Unity/Hub/Editor/2020.2.2f1/Editor/Data/Resources/UnitySubsystems
[Subsystems] Discovering subsystems at path C:/Users/Owner/Documents/GitHub/SingleScreenAssignment/single-screen-game-MoniqueM93/SingleScreen/Assets
GfxDevice: creating device client; threaded=0
Direct3D:
    Version:  Direct3D 11.0 [level 11.1]
    Renderer: NVIDIA GeForce GTX 1060 (ID=0x1c60)
    Vendor:   
    VRAM:     6084 MB
    Driver:   22.21.13.8205
Initialize mono
Mono path[0] = 'C:/Program Files/Unity/Hub/Editor/2020.2.2f1/Editor/Data/Managed'
Mono path[1] = 'C:/Program Files/Unity/Hub/Editor/2020.2.2f1/Editor/Data/MonoBleedingEdge/lib/mono/unityjit'
Mono config path = 'C:/Program Files/Unity/Hub/Editor/2020.2.2f1/Editor/Data/MonoBleedingEdge/etc'
Using monoOptions --debugger-agent=transport=dt_socket,embedding=1,server=y,suspend=n,address=127.0.0.1:56480
Begin MonoManager ReloadAssembly
Registering precompiled unity dll's ...
Register platform support module: C:/Program Files/Unity/Hub/Editor/2020.2.2f1/Editor/Data/PlaybackEngines/WindowsStandaloneSupport/UnityEditor.WindowsStandalone.Extensions.dll
Registered in 0.002861 seconds.
Native extension for WindowsStandalone target not found
Refreshing native plugins compatible for Editor in 41.23 ms, found 1 plugins.
Preloading 0 native plugins for Editor in 0.00 ms.
Invoked RoslynAnalysisRunner static constructor.
RoslynAnalysisRunner will not be running.
RoslynAnalysisRunner has terminated.
Mono: successfully reloaded assembly
- Completed reload, in  1.352 seconds
Platform modules already initialized, skipping
Registering precompiled user dll's ...
Registered in 0.001963 seconds.
Begin MonoManager ReloadAssembly
Native extension for WindowsStandalone target not found
Refreshing native plugins compatible for Editor in 48.45 ms, found 1 plugins.
Preloading 0 native plugins for Editor in 0.00 ms.
Invoked RoslynAnalysisRunner static constructor.
RoslynAnalysisRunner will not be running.
RoslynAnalysisRunner has terminated.
Mono: successfully reloaded assembly
- Completed reload, in  1.149 seconds
Platform modules already initialized, skipping
========================================================================
Worker process is ready to serve import requests
Launched and connected shader compiler UnityShaderCompiler.exe after 0.07 seconds
Refreshing native plugins compatible for Editor in 0.38 ms, found 1 plugins.
Preloading 0 native plugins for Editor in 0.00 ms.
Unloading 1792 Unused Serialized files (Serialized files now loaded: 0)
System memory in use before: 84.8 MB.
System memory in use after: 84.7 MB.

Unloading 24 unused Assets to reduce memory usage. Loaded Objects now: 2233.
Total: 3.278400 ms (FindLiveObjects: 0.834200 ms CreateObjectMapping: 0.144800 ms MarkObjects: 2.119500 ms  DeleteObjects: 0.178600 ms)

========================================================================
Received Import Request.
  path: Assets/Scenes/SampleScene.unity
  artifactKey: Guid(2cda990e2423bbf4892e6590ba056729) Importer(815301076,1909f56bfc062723c751e8b465ee728b)
Start importing Assets/Scenes/SampleScene.unity using Guid(2cda990e2423bbf4892e6590ba056729) Importer(815301076,1909f56bfc062723c751e8b465ee728b)  -> (artifact id: '694ca9c96bcf791ec7b87cc957ec53a1') in 0.015502 seconds
  Import took 0.040446 seconds .

========================================================================
Received Import Request.
  Time since last request: 11.916799 seconds.
  path: Assets/Scenes/SingleScene.unity
  artifactKey: Guid(2cda990e2423bbf4892e6590ba056729) Importer(815301076,1909f56bfc062723c751e8b465ee728b)
Start importing Assets/Scenes/SingleScene.unity using Guid(2cda990e2423bbf4892e6590ba056729) Importer(815301076,1909f56bfc062723c751e8b465ee728b)  -> (artifact id: 'd61467113b0f1324752be0a94811e8ee') in 0.006852 seconds
  Import took 0.034268 seconds .

========================================================================
Received Import Request.
  Time since last request: 1.812393 seconds.
  path: Assets
  artifactKey: Guid(00000000000000001000000000000000) Importer(815301076,1909f56bfc062723c751e8b465ee728b)
Start importing Assets using Guid(00000000000000001000000000000000) Importer(815301076,1909f56bfc062723c751e8b465ee728b)  -> (artifact id: '4a6e520b92ccfc61bcfa21a7bcab8468') in 0.004712 seconds
  Import took 0.018581 seconds .

========================================================================
Received Import Request.
  Time since last request: 142.052874 seconds.
  path: Assets/Objects
  artifactKey: Guid(e0fae09dca8cba447af3f731a8525871) Importer(815301076,1909f56bfc062723c751e8b465ee728b)
Start importing Assets/Objects using Guid(e0fae09dca8cba447af3f731a8525871) Importer(815301076,1909f56bfc062723c751e8b465ee728b)  -> (artifact id: '66281ff5eab1061996647f0e7e33be34') in 0.006148 seconds
  Import took 0.035244 seconds .

========================================================================
Received Import Request.
  Time since last request: 7.714087 seconds.
  path: Assets/Materials
  artifactKey: Guid(01235688d11945941a676ff891f36522) Importer(815301076,1909f56bfc062723c751e8b465ee728b)
Start importing Assets/Materials using Guid(01235688d11945941a676ff891f36522) Importer(815301076,1909f56bfc062723c751e8b465ee728b)  -> (artifact id: '7839cfda57a88771ebc015ea4596ea0d') in 0.005601 seconds
  Import took 0.031395 seconds .

========================================================================
Received Import Request.
  Time since last request: 27.818904 seconds.
  path: Assets/Animations
  artifactKey: Guid(b3ef385ad2666bd438de4d54be9eb985) Importer(815301076,1909f56bfc062723c751e8b465ee728b)
Start importing Assets/Animations using Guid(b3ef385ad2666bd438de4d54be9eb985) Importer(815301076,1909f56bfc062723c751e8b465ee728b)  -> (artifact id: '6adab4c58f6c87e68bc9458051890f59') in 0.005616 seconds
  Import took 0.009494 seconds .

========================================================================
Received Import Request.
  Time since last request: 67.671710 seconds.
  path: Assets/Scripts
  artifactKey: Guid(1d52d1c86779cc144bb0e24d9a425444) Importer(815301076,1909f56bfc062723c751e8b465ee728b)
Start importing Assets/Scripts using Guid(1d52d1c86779cc144bb0e24d9a425444) Importer(815301076,1909f56bfc062723c751e8b465ee728b)  -> (artifact id: '5e28e2d01fa5977053ecd7d28568ac73') in 0.004800 seconds
  Import took 0.009267 seconds .

========================================================================
Received Import Request.
  Time since last request: 750.500097 seconds.
  path: Assets/Materials/ground.png
  artifactKey: Guid(491166633986f644487fa38ca3c7d3ac) Importer(815301076,1909f56bfc062723c751e8b465ee728b)
Start importing Assets/Materials/ground.png using Guid(491166633986f644487fa38ca3c7d3ac) Importer(815301076,1909f56bfc062723c751e8b465ee728b)  -> (artifact id: '5350d2d6d66e79077f1806cf6f43bb93') in 0.167561 seconds
  Import took 0.190539 seconds .

========================================================================
Received Import Request.
  Time since last request: 0.000374 seconds.
  path: Assets/Materials/wall.png
  artifactKey: Guid(9f1ba203e42dbd048996e67196576e41) Importer(815301076,1909f56bfc062723c751e8b465ee728b)
Start importing Assets/Materials/wall.png using Guid(9f1ba203e42dbd048996e67196576e41) Importer(815301076,1909f56bfc062723c751e8b465ee728b)  -> (artifact id: '55a0841369fea01a16555e2b7a418c44') in 0.015265 seconds
  Import took 0.018287 seconds .

========================================================================
Received Import Request.
  Time since last request: 819.503732 seconds.
  path: Assets/Materials/ground.png
  artifactKey: Guid(491166633986f644487fa38ca3c7d3ac) Importer(815301076,1909f56bfc062723c751e8b465ee728b)
Start importing Assets/Materials/ground.png using Guid(491166633986f644487fa38ca3c7d3ac) Importer(815301076,1909f56bfc062723c751e8b465ee728b)  -> (artifact id: '7db759610aec2c66d32af2abc45425b0') in 0.023339 seconds
  Import took 0.053553 seconds .

========================================================================
Received Import Request.
  Time since last request: 39.305109 seconds.
  path: Assets/Materials/ground.png
  artifactKey: Guid(491166633986f644487fa38ca3c7d3ac) Importer(815301076,1909f56bfc062723c751e8b465ee728b)
Start importing Assets/Materials/ground.png using Guid(491166633986f644487fa38ca3c7d3ac) Importer(815301076,1909f56bfc062723c751e8b465ee728b)  -> (artifact id: 'c74654e4a15f3e5affe54e0b5588692e') in 0.022398 seconds
  Import took 0.051879 seconds .

========================================================================
Received Import Request.
  Time since last request: 210.161738 seconds.
  path: Assets/Materials/wall.png
  artifactKey: Guid(9f1ba203e42dbd048996e67196576e41) Importer(815301076,1909f56bfc062723c751e8b465ee728b)
Start importing Assets/Materials/wall.png using Guid(9f1ba203e42dbd048996e67196576e41) Importer(815301076,1909f56bfc062723c751e8b465ee728b)  -> (artifact id: '3f71bf2cb8039a88dbed07b99f3090fb') in 0.012741 seconds
  Import took 0.017759 seconds .

========================================================================
Received Import Request.
  Time since last request: 19.569315 seconds.
  path: Assets/Materials/wall.png
  artifactKey: Guid(9f1ba203e42dbd048996e67196576e41) Importer(815301076,1909f56bfc062723c751e8b465ee728b)
Start importing Assets/Materials/wall.png using Guid(9f1ba203e42dbd048996e67196576e41) Importer(815301076,1909f56bfc062723c751e8b465ee728b)  -> (artifact id: '885350fdb7096ec502784927a1e623c4') in 0.014606 seconds
  Import took 0.022891 seconds .

========================================================================
Received Prepare
Registering precompiled user dll's ...
Registered in 0.001750 seconds.
Begin MonoManager ReloadAssembly
Native extension for WindowsStandalone target not found
Refreshing native plugins compatible for Editor in 0.41 ms, found 1 plugins.
Preloading 0 native plugins for Editor in 0.00 ms.
Invoked RoslynAnalysisRunner static constructor.
RoslynAnalysisRunner will not be running.
RoslynAnalysisRunner has terminated.
Mono: successfully reloaded assembly
- Completed reload, in  0.957 seconds
Platform modules already initialized, skipping
Refreshing native plugins compatible for Editor in 0.41 ms, found 1 plugins.
Preloading 0 native plugins for Editor in 0.00 ms.
Unloading 1787 Unused Serialized files (Serialized files now loaded: 0)
System memory in use before: 87.9 MB.
System memory in use after: 87.9 MB.

Unloading 12 unused Assets to reduce memory usage. Loaded Objects now: 2244.
Total: 2.195700 ms (FindLiveObjects: 0.260200 ms CreateObjectMapping: 0.070600 ms MarkObjects: 1.707200 ms  DeleteObjects: 0.154900 ms)

========================================================================
Received Prepare
Registering precompiled user dll's ...
Registered in 0.003268 seconds.
Begin MonoManager ReloadAssembly
Native extension for WindowsStandalone target not found
Refreshing native plugins compatible for Editor in 0.36 ms, found 1 plugins.
Preloading 0 native plugins for Editor in 0.00 ms.
Invoked RoslynAnalysisRunner static constructor.
RoslynAnalysisRunner will not be running.
RoslynAnalysisRunner has terminated.
Mono: successfully reloaded assembly
- Completed reload, in  1.080 seconds
Platform modules already initialized, skipping
Refreshing native plugins compatible for Editor in 0.40 ms, found 1 plugins.
Preloading 0 native plugins for Editor in 0.00 ms.
Unloading 1787 Unused Serialized files (Serialized files now loaded: 0)
System memory in use before: 88.0 MB.
System memory in use after: 88.0 MB.

Unloading 12 unused Assets to reduce memory usage. Loaded Objects now: 2247.
Total: 2.910400 ms (FindLiveObjects: 0.368100 ms CreateObjectMapping: 0.112900 ms MarkObjects: 2.296800 ms  DeleteObjects: 0.130800 ms)

